<?xml version="1.0" encoding="UTF-8"?>
<!-- Generated by org.testng.reporters.JUnitXMLReporter -->
<testsuite ignored="0" hostname="HYHC-71888-WL" failures="1" tests="1" name="Surefire test" time="27.685" errors="0" timestamp="2023-07-06T21:25:19 IST">
  <testcase classname="io.cucumber.testng.AbstractTestNGCucumberTests" name="runScenario" time="24.554">
    <failure type="java.lang.AssertionError" message="null">
      <![CDATA[java.lang.AssertionError: null
at com.learn.cucumber.stepdefinitions.RegistrationStepDef.i_see_field_level_error_message_at_email_field(RegistrationStepDef.java:50)
at ✽.I see field level error message at email field(file:///C:/Users/shaik_n/eclipse-workspace/learn-cucumber/src/test/resources/application-features/file-upload.feature:13)
... Removed 2 stack frames]]>
    </failure>
  </testcase> <!-- runScenario -->
</testsuite> <!-- Surefire test -->
